2024-02-16 05:16:21 +0000  Initial pipeline context: <IDEDistributionProcessingPipelineContext: 0x7fe8d6fbd780; archive(resolved)="<IDEArchive: 0x6000653e3ba0>", distributionTask(resolved)="2", distributionDestination(resolved)="1", distributionMethod(resolved)="<IDEDistributionMethodiOSAdHoc: 0x60001f4d6180>", team(resolved)="<IDEProvisioningDisambiguatableBasicTeam: 0x600006f5c640; teamID='PEPEHLK578', teamName='Chillar Payment Solutions Private Limited', teamType='Company', username='chillarbfc@gmail.com', isFreeProvisioningTeam='0'>">
	Chain (15, self inclusive):
	<IDEDistributionProcessingPipelineContext: 0x7fe8d6fbd780; archive = "<IDEArchive: 0x6000653e3ba0>", distributionMethod="<IDEDistributionMethodiOSAdHoc: 0x60001f4d6180>", team="<IDEProvisioningDisambiguatableBasicTeam: 0x600006f5c640; teamID='PEPEHLK578', teamName='Chillar Payment Solutions Private Limited', teamType='Company', username='chillarbfc@gmail.com', isFreeProvisioningTeam='0'>">
	<IDEDistributionProcessingPipelineContext: 0x7fe8a27cc670; archive = "<IDEArchive: 0x6000653e3ba0>", distributionMethod="<IDEDistributionMethodiOSAdHoc: 0x60001f4d6180>", team="<IDEProvisioningDisambiguatableBasicTeam: 0x600006f5c640; teamID='PEPEHLK578', teamName='Chillar Payment Solutions Private Limited', teamType='Company', username='chillarbfc@gmail.com', isFreeProvisioningTeam='0'>">
	<IDEDistributionContext: 0x7fe8a405b170; archive = "<IDEArchive: 0x6000653e3ba0>", distributionMethod="<IDEDistributionMethodiOSAdHoc: 0x60001f4d6180>", team="<IDEProvisioningDisambiguatableBasicTeam: 0x600006f5c640; teamID='PEPEHLK578', teamName='Chillar Payment Solutions Private Limited', teamType='Company', username='chillarbfc@gmail.com', isFreeProvisioningTeam='0'>">
	<IDEDistributionContext: 0x7fe8f333cb60; archive = "<IDEArchive: 0x6000653e3ba0>", distributionMethod="<IDEDistributionMethodiOSAdHoc: 0x60001f4d6180>", team="<IDEProvisioningDisambiguatableBasicTeam: 0x600006f5c640; teamID='PEPEHLK578', teamName='Chillar Payment Solutions Private Limited', teamType='Company', username='chillarbfc@gmail.com', isFreeProvisioningTeam='0'>">
	<IDEDistributionContext: 0x7fe8b71f5180; archive = "<IDEArchive: 0x6000653e3ba0>", distributionMethod="<IDEDistributionMethodiOSAdHoc: 0x60001f4d6180>", team="<IDEProvisioningDisambiguatableBasicTeam: 0x600006f5c640; teamID='PEPEHLK578', teamName='Chillar Payment Solutions Private Limited', teamType='Company', username='chillarbfc@gmail.com', isFreeProvisioningTeam='0'>">
	<IDEDistributionContext: 0x7fe8b71d60a0; archive = "<IDEArchive: 0x6000653e3ba0>", distributionMethod="<IDEDistributionMethodiOSAdHoc: 0x60001f4d6180>", team="<IDEProvisioningDisambiguatableBasicTeam: 0x600006f5c640; teamID='PEPEHLK578', teamName='Chillar Payment Solutions Private Limited', teamType='Company', username='chillarbfc@gmail.com', isFreeProvisioningTeam='0'>">
	<IDEDistributionContext: 0x7fe8a2789960; archive = "<IDEArchive: 0x6000653e3ba0>", distributionMethod="<IDEDistributionMethodiOSAdHoc: 0x60001f4d6180>", team="<IDEProvisioningDisambiguatableBasicTeam: 0x600006f5c640; teamID='PEPEHLK578', teamName='Chillar Payment Solutions Private Limited', teamType='Company', username='chillarbfc@gmail.com', isFreeProvisioningTeam='0'>">
	<IDEDistributionContext: 0x7fe8e4f88a30; archive = "<IDEArchive: 0x6000653e3ba0>", distributionMethod="<IDEDistributionMethodiOSAdHoc: 0x60001f4d6180>", team="<IDEProvisioningDisambiguatableBasicTeam: 0x600006f5c640; teamID='PEPEHLK578', teamName='Chillar Payment Solutions Private Limited', teamType='Company', username='chillarbfc@gmail.com', isFreeProvisioningTeam='0'>">
	<IDEDistributionContext: 0x7fe8b48946d0; archive = "<IDEArchive: 0x6000653e3ba0>", distributionMethod="<IDEDistributionMethodiOSAdHoc: 0x60001f4d6180>", team="<IDEProvisioningDisambiguatableBasicTeam: 0x600006f5c640; teamID='PEPEHLK578', teamName='Chillar Payment Solutions Private Limited', teamType='Company', username='chillarbfc@gmail.com', isFreeProvisioningTeam='0'>">
	<IDEDistributionContext: 0x7fe8b48bf500; archive = "<IDEArchive: 0x6000653e3ba0>", distributionMethod="<IDEDistributionMethodiOSAdHoc: 0x60001f4d6180>", team="(null)">
	<IDEDistributionContext: 0x7fe8b48fb540; archive = "<IDEArchive: 0x6000653e3ba0>", distributionMethod="<IDEDistributionMethodiOSAdHoc: 0x60001f4d6180>", team="(null)">
	<IDEDistributionContext: 0x7fe8a5433e80; archive = "<IDEArchive: 0x6000653e3ba0>", distributionMethod="<IDEDistributionMethodiOSAdHoc: 0x60001f4d6180>", team="(null)">
	<IDEDistributionContext: 0x7fe8b3e54ef0; archive = "<IDEArchive: 0x6000653e3ba0>", distributionMethod="<IDEDistributionMethodiOSAdHoc: 0x60001f4d6180>", team="(null)">
	<IDEDistributionContext: 0x7fe8a5c5ed60; archive = "<IDEArchive: 0x6000653e3ba0>", distributionMethod="(null)", team="(null)">
	<IDEDistributionContext: 0x7fe8b68094d0; archive = "<IDEArchive: 0x6000653e3ba0>", distributionMethod="(null)", team="(null)">
</IDEDistributionProcessingPipelineContext: 0x7fe8d6fbd780>
2024-02-16 05:16:21 +0000  Processing step: IDEDistributionCreateDestRootStep
2024-02-16 05:16:21 +0000  Processing step: IDEDistributionCopyItemStep
2024-02-16 05:16:21 +0000  Running /usr/bin/ditto '-V' '/Users/neshwa/Library/Developer/Xcode/Archives/2024-02-15/BookMeNow 15-02-24, 6.09 PM.xcarchive/Products/Applications/BookMeNow.app' '/var/folders/sz/k9sxnlnn0hs48fgsch84l8c40000gp/T/XcodeDistPipeline.~~~2kbb7Z/Root/Payload/BookMeNow.app'
2024-02-16 05:16:21 +0000  >>> Copying /Users/neshwa/Library/Developer/Xcode/Archives/2024-02-15/BookMeNow 15-02-24, 6.09 PM.xcarchive/Products/Applications/BookMeNow.app 
2024-02-16 05:16:21 +0000  copying file ./_CodeSignature/CodeResources ... 
2024-02-16 05:16:21 +0000  18635 bytes for ./_CodeSignature/CodeResources
2024-02-16 05:16:21 +0000  copying file ./HeaderView.nib ... 
2024-02-16 05:16:21 +0000  3618 bytes for ./HeaderView.nib
2024-02-16 05:16:21 +0000  copying file ./GTMSessionFetcher_GTMSessionFetcherCore.bundle/PrivacyInfo.xcprivacy ... 
2024-02-16 05:16:21 +0000  598 bytes for ./GTMSessionFetcher_GTMSessionFetcherCore.bundle/PrivacyInfo.xcprivacy
copying file ./GTMSessionFetcher_GTMSessionFetcherCore.bundle/Info.plist ... 
2024-02-16 05:16:21 +0000  723 bytes for ./GTMSessionFetcher_GTMSessionFetcherCore.bundle/Info.plist
2024-02-16 05:16:21 +0000  copying file ./WorkingHoursTableViewCell.nib ... 
2024-02-16 05:16:21 +0000  5421 bytes for ./WorkingHoursTableViewCell.nib
copying file ./UpcomingBookingTableViewCell.nib ... 
2024-02-16 05:16:21 +0000  5366 bytes for ./UpcomingBookingTableViewCell.nib
copying file ./SettingsTableViewCell.nib ... 
2024-02-16 05:16:21 +0000  4824 bytes for ./SettingsTableViewCell.nib
2024-02-16 05:16:21 +0000  copying file ./SmartPopUp.nib ... 
2024-02-16 05:16:21 +0000  5677 bytes for ./SmartPopUp.nib
2024-02-16 05:16:21 +0000  copying file ./BookMeNow.momd/VersionInfo.plist ... 
2024-02-16 05:16:21 +0000  261 bytes for ./BookMeNow.momd/VersionInfo.plist
copying file ./BookMeNow.momd/BookMeNow.omo ... 
2024-02-16 05:16:21 +0000  704 bytes for ./BookMeNow.momd/BookMeNow.omo
copying file ./BookMeNow.momd/BookMeNow.mom ... 
2024-02-16 05:16:21 +0000  566 bytes for ./BookMeNow.momd/BookMeNow.mom
2024-02-16 05:16:21 +0000  copying file ./RegisterTableViewCell.nib ... 
2024-02-16 05:16:21 +0000  4561 bytes for ./RegisterTableViewCell.nib
2024-02-16 05:16:21 +0000  copying file ./success.json ... 
2024-02-16 05:16:21 +0000  19040 bytes for ./success.json
2024-02-16 05:16:21 +0000  copying file ./ToggleSettingsTableViewCell.nib ... 
2024-02-16 05:16:21 +0000  5029 bytes for ./ToggleSettingsTableViewCell.nib
2024-02-16 05:16:21 +0000  copying file ./BookMeNow ... 
2024-02-16 05:16:21 +0000  5609792 bytes for ./BookMeNow
copying file ./ReportTableViewCell.nib ... 
2024-02-16 05:16:21 +0000  5557 bytes for ./ReportTableViewCell.nib
copying file ./ViewAllDoctorsCollectionViewCell.nib ... 
2024-02-16 05:16:21 +0000  5066 bytes for ./ViewAllDoctorsCollectionViewCell.nib
copying file ./BookingsTableViewCell.nib ... 
2024-02-16 05:16:21 +0000  6051 bytes for ./BookingsTableViewCell.nib
copying file ./GoogleService-Info.plist ... 
2024-02-16 05:16:21 +0000  549 bytes for ./GoogleService-Info.plist
2024-02-16 05:16:21 +0000  copying file ./Base.lproj/Main.storyboardc/hgo-IX-jl6-view-8ui-Ps-uRF.nib ... 
2024-02-16 05:16:21 +0000  13725 bytes for ./Base.lproj/Main.storyboardc/hgo-IX-jl6-view-8ui-Ps-uRF.nib
2024-02-16 05:16:21 +0000  copying file ./Base.lproj/Main.storyboardc/Fzi-QT-bi4-view-Bpf-Xa-es9.nib ... 
2024-02-16 05:16:21 +0000  11956 bytes for ./Base.lproj/Main.storyboardc/Fzi-QT-bi4-view-Bpf-Xa-es9.nib
2024-02-16 05:16:21 +0000  copying file ./Base.lproj/Main.storyboardc/UINavigationController-JpT-Uc-cJr.nib ... 
2024-02-16 05:16:21 +0000  1789 bytes for ./Base.lproj/Main.storyboardc/UINavigationController-JpT-Uc-cJr.nib
2024-02-16 05:16:21 +0000  copying file ./Base.lproj/Main.storyboardc/nme-YK-zqY-view-3Ka-ky-0eo.nib ... 
2024-02-16 05:16:21 +0000  6800 bytes for ./Base.lproj/Main.storyboardc/nme-YK-zqY-view-3Ka-ky-0eo.nib
2024-02-16 05:16:21 +0000  copying file ./Base.lproj/Main.storyboardc/OTPViewController.nib ... 
2024-02-16 05:16:21 +0000  1054 bytes for ./Base.lproj/Main.storyboardc/OTPViewController.nib
2024-02-16 05:16:21 +0000  copying file ./Base.lproj/Main.storyboardc/a5d-k9-dZh-view-TXc-Dn-2jV.nib ... 
2024-02-16 05:16:21 +0000  12712 bytes for ./Base.lproj/Main.storyboardc/a5d-k9-dZh-view-TXc-Dn-2jV.nib
2024-02-16 05:16:21 +0000  copying file ./Base.lproj/Main.storyboardc/Noq-r4-4Fa-view-6CI-X2-fJ5.nib ... 
2024-02-16 05:16:21 +0000  12233 bytes for ./Base.lproj/Main.storyboardc/Noq-r4-4Fa-view-6CI-X2-fJ5.nib
2024-02-16 05:16:21 +0000  copying file ./Base.lproj/Main.storyboardc/WorkingHoursViewController.nib ... 
2024-02-16 05:16:21 +0000  1072 bytes for ./Base.lproj/Main.storyboardc/WorkingHoursViewController.nib
2024-02-16 05:16:21 +0000  copying file ./Base.lproj/Main.storyboardc/X1g-ph-y04-view-whm-ch-Rqg.nib ... 
2024-02-16 05:16:21 +0000  7664 bytes for ./Base.lproj/Main.storyboardc/X1g-ph-y04-view-whm-ch-Rqg.nib
2024-02-16 05:16:21 +0000  copying file ./Base.lproj/Main.storyboardc/F5k-sw-1xe-view-dkA-38-FJi.nib ... 
2024-02-16 05:16:21 +0000  6916 bytes for ./Base.lproj/Main.storyboardc/F5k-sw-1xe-view-dkA-38-FJi.nib
2024-02-16 05:16:21 +0000  copying file ./Base.lproj/Main.storyboardc/epX-yb-vvu-view-aBV-5d-tiK.nib ... 
2024-02-16 05:16:21 +0000  14642 bytes for ./Base.lproj/Main.storyboardc/epX-yb-vvu-view-aBV-5d-tiK.nib
2024-02-16 05:16:21 +0000  copying file ./Base.lproj/Main.storyboardc/ProfileViewController.nib ... 
2024-02-16 05:16:21 +0000  1062 bytes for ./Base.lproj/Main.storyboardc/ProfileViewController.nib
2024-02-16 05:16:21 +0000  copying file ./Base.lproj/Main.storyboardc/ScanAndPayViewController.nib ... 
2024-02-16 05:16:21 +0000  1070 bytes for ./Base.lproj/Main.storyboardc/ScanAndPayViewController.nib
2024-02-16 05:16:21 +0000  copying file ./Base.lproj/Main.storyboardc/HomeViewController.nib ... 
2024-02-16 05:16:21 +0000  1161 bytes for ./Base.lproj/Main.storyboardc/HomeViewController.nib
2024-02-16 05:16:21 +0000  copying file ./Base.lproj/Main.storyboardc/LogoutViewController.nib ... 
2024-02-16 05:16:21 +0000  1165 bytes for ./Base.lproj/Main.storyboardc/LogoutViewController.nib
2024-02-16 05:16:21 +0000  copying file ./Base.lproj/Main.storyboardc/RegisterDetailsViewController.nib ... 
2024-02-16 05:16:21 +0000  1078 bytes for ./Base.lproj/Main.storyboardc/RegisterDetailsViewController.nib
2024-02-16 05:16:21 +0000  copying file ./Base.lproj/Main.storyboardc/CalendarViewController.nib ... 
2024-02-16 05:16:21 +0000  1064 bytes for ./Base.lproj/Main.storyboardc/CalendarViewController.nib
2024-02-16 05:16:21 +0000  copying file ./Base.lproj/Main.storyboardc/Xy4-lE-BE8-view-tA3-fA-Jei.nib ... 
2024-02-16 05:16:21 +0000  8823 bytes for ./Base.lproj/Main.storyboardc/Xy4-lE-BE8-view-tA3-fA-Jei.nib
2024-02-16 05:16:21 +0000  copying file ./Base.lproj/Main.storyboardc/LoginViewController.nib ... 
2024-02-16 05:16:21 +0000  1163 bytes for ./Base.lproj/Main.storyboardc/LoginViewController.nib
2024-02-16 05:16:21 +0000  copying file ./Base.lproj/Main.storyboardc/ViewAppoinmentViewController.nib ... 
2024-02-16 05:16:21 +0000  1078 bytes for ./Base.lproj/Main.storyboardc/ViewAppoinmentViewController.nib
2024-02-16 05:16:21 +0000  copying file ./Base.lproj/Main.storyboardc/ReportViewController.nib ... 
2024-02-16 05:16:21 +0000  1165 bytes for ./Base.lproj/Main.storyboardc/ReportViewController.nib
2024-02-16 05:16:21 +0000  copying file ./Base.lproj/Main.storyboardc/Zj0-h7-pok-view-cq2-R8-fUp.nib ... 
2024-02-16 05:16:21 +0000  15640 bytes for ./Base.lproj/Main.storyboardc/Zj0-h7-pok-view-cq2-R8-fUp.nib
2024-02-16 05:16:21 +0000  copying file ./Base.lproj/Main.storyboardc/0ti-wx-vQd-view-6jc-bY-BZc.nib ... 
2024-02-16 05:16:21 +0000  9026 bytes for ./Base.lproj/Main.storyboardc/0ti-wx-vQd-view-6jc-bY-BZc.nib
2024-02-16 05:16:21 +0000  copying file ./Base.lproj/Main.storyboardc/SplashViewController.nib ... 
2024-02-16 05:16:21 +0000  1096 bytes for ./Base.lproj/Main.storyboardc/SplashViewController.nib
2024-02-16 05:16:21 +0000  copying file ./Base.lproj/Main.storyboardc/BankAccountViewController.nib ... 
2024-02-16 05:16:21 +0000  1070 bytes for ./Base.lproj/Main.storyboardc/BankAccountViewController.nib
2024-02-16 05:16:21 +0000  copying file ./Base.lproj/Main.storyboardc/WelcomeViewController.nib ... 
2024-02-16 05:16:21 +0000  1062 bytes for ./Base.lproj/Main.storyboardc/WelcomeViewController.nib
2024-02-16 05:16:21 +0000  copying file ./Base.lproj/Main.storyboardc/1Y7-Ax-vWR-view-Ezb-1v-aLA.nib ... 
2024-02-16 05:16:21 +0000  1283 bytes for ./Base.lproj/Main.storyboardc/1Y7-Ax-vWR-view-Ezb-1v-aLA.nib
2024-02-16 05:16:21 +0000  copying file ./Base.lproj/Main.storyboardc/dV0-4h-tac-view-09R-Ut-K6h.nib ... 
2024-02-16 05:16:21 +0000  11908 bytes for ./Base.lproj/Main.storyboardc/dV0-4h-tac-view-09R-Ut-K6h.nib
2024-02-16 05:16:21 +0000  copying file ./Base.lproj/Main.storyboardc/SuccessPaymentViewController.nib ... 
2024-02-16 05:16:21 +0000  1078 bytes for ./Base.lproj/Main.storyboardc/SuccessPaymentViewController.nib
2024-02-16 05:16:21 +0000  copying file ./Base.lproj/Main.storyboardc/4Pj-Sh-AWT-view-vey-ao-id0.nib ... 
2024-02-16 05:16:21 +0000  12272 bytes for ./Base.lproj/Main.storyboardc/4Pj-Sh-AWT-view-vey-ao-id0.nib
2024-02-16 05:16:21 +0000  copying file ./Base.lproj/Main.storyboardc/SettingsViewController.nib ... 
2024-02-16 05:16:21 +0000  1169 bytes for ./Base.lproj/Main.storyboardc/SettingsViewController.nib
2024-02-16 05:16:21 +0000  copying file ./Base.lproj/Main.storyboardc/Info.plist ... 
2024-02-16 05:16:21 +0000  1245 bytes for ./Base.lproj/Main.storyboardc/Info.plist
2024-02-16 05:16:21 +0000  copying file ./Base.lproj/Main.storyboardc/WxJ-ML-1QK-view-n7e-Q7-r9w.nib ... 
2024-02-16 05:16:21 +0000  17760 bytes for ./Base.lproj/Main.storyboardc/WxJ-ML-1QK-view-n7e-Q7-r9w.nib
2024-02-16 05:16:21 +0000  copying file ./Base.lproj/Main.storyboardc/WebViewController.nib ... 
2024-02-16 05:16:21 +0000  1054 bytes for ./Base.lproj/Main.storyboardc/WebViewController.nib
2024-02-16 05:16:21 +0000  copying file ./Base.lproj/Main.storyboardc/za3-UJ-9zR-view-5Ca-Um-A3R.nib ... 
2024-02-16 05:16:21 +0000  7411 bytes for ./Base.lproj/Main.storyboardc/za3-UJ-9zR-view-5Ca-Um-A3R.nib
2024-02-16 05:16:21 +0000  copying file ./Base.lproj/Main.storyboardc/AmC-lA-VcO-view-H4b-2K-vFi.nib ... 
2024-02-16 05:16:21 +0000  21103 bytes for ./Base.lproj/Main.storyboardc/AmC-lA-VcO-view-H4b-2K-vFi.nib
2024-02-16 05:16:21 +0000  copying file ./Base.lproj/LaunchScreen.storyboardc/01J-lp-oVM-view-Ze5-6b-2t3.nib ... 
2024-02-16 05:16:21 +0000  1225 bytes for ./Base.lproj/LaunchScreen.storyboardc/01J-lp-oVM-view-Ze5-6b-2t3.nib
2024-02-16 05:16:21 +0000  copying file ./Base.lproj/LaunchScreen.storyboardc/UIViewController-01J-lp-oVM.nib ... 
2024-02-16 05:16:21 +0000  924 bytes for ./Base.lproj/LaunchScreen.storyboardc/UIViewController-01J-lp-oVM.nib
2024-02-16 05:16:21 +0000  copying file ./Base.lproj/LaunchScreen.storyboardc/Info.plist ... 
2024-02-16 05:16:21 +0000  258 bytes for ./Base.lproj/LaunchScreen.storyboardc/Info.plist
2024-02-16 05:16:21 +0000  copying file ./Lottie_Lottie.bundle/PrivacyInfo.xcprivacy ... 
2024-02-16 05:16:21 +0000  599 bytes for ./Lottie_Lottie.bundle/PrivacyInfo.xcprivacy
2024-02-16 05:16:21 +0000  copying file ./Lottie_Lottie.bundle/Info.plist ... 
2024-02-16 05:16:21 +0000  669 bytes for ./Lottie_Lottie.bundle/Info.plist
2024-02-16 05:16:21 +0000  copying file ./Assets.car ... 
2024-02-16 05:16:21 +0000  78079 bytes for ./Assets.car
2024-02-16 05:16:21 +0000  copying file ./embedded.mobileprovision ... 
2024-02-16 05:16:21 +0000  16396 bytes for ./embedded.mobileprovision
2024-02-16 05:16:21 +0000  copying file ./Info.plist ... 
2024-02-16 05:16:21 +0000  1582 bytes for ./Info.plist
2024-02-16 05:16:21 +0000  copying file ./PkgInfo ... 
2024-02-16 05:16:21 +0000  8 bytes for ./PkgInfo
2024-02-16 05:16:21 +0000  /usr/bin/ditto exited with 0
2024-02-16 05:16:21 +0000  Processing step: IDEDistributionEmbedProfileStep
2024-02-16 05:16:21 +0000  Processing step: IDEDistributionInfoPlistStep
2024-02-16 05:16:21 +0000  Skipping step: IDEDistributionInfoPlistStep because it said so
2024-02-16 05:16:21 +0000  Processing step: IDEDistributionAppThinningPlistStep
2024-02-16 05:16:21 +0000  Skipping step: IDEDistributionAppThinningPlistStep because it said so
2024-02-16 05:16:21 +0000  Processing step: IDEDistributionCompileBitcodeStep
2024-02-16 05:16:21 +0000  Skipping step: IDEDistributionCompileBitcodeStep because it said so
2024-02-16 05:16:21 +0000  Processing step: IDEDistributionCodeSlimmingStep
2024-02-16 05:16:21 +0000  Processing step: IDEDistributionCopyBCSymbolMapsStep
2024-02-16 05:16:21 +0000  Skipping step: IDEDistributionCopyBCSymbolMapsStep because it said so
2024-02-16 05:16:21 +0000  Processing step: IDEDistributionSymbolsStep
2024-02-16 05:16:21 +0000  Skipping step: IDEDistributionSymbolsStep because it said so
2024-02-16 05:16:21 +0000  Processing step: IDEDistributionAppThinningStep
2024-02-16 05:16:21 +0000  Skipping step: IDEDistributionAppThinningStep because it said so
2024-02-16 05:16:21 +0000  Processing step: IDEDistributionArchThinningStep
2024-02-16 05:16:21 +0000  Running /Applications/Xcode.app/Contents/Developer/Toolchains/XcodeDefault.xctoolchain/usr/bin/lipo '/var/folders/sz/k9sxnlnn0hs48fgsch84l8c40000gp/T/XcodeDistPipeline.~~~2kbb7Z/Root/Payload/BookMeNow.app/BookMeNow' '-verify_arch' 'arm64e'
2024-02-16 05:16:21 +0000  /Applications/Xcode.app/Contents/Developer/Toolchains/XcodeDefault.xctoolchain/usr/bin/lipo exited with 1
2024-02-16 05:16:21 +0000  Skipping architecture thinning for item "BookMeNow" because arch "arm64e" wasn't found
2024-02-16 05:16:21 +0000  Processing step: IDEDistributionODRStep
2024-02-16 05:16:21 +0000  Processing step: IDEDistributionStripXattrsStep
2024-02-16 05:16:21 +0000  Skipping stripping extended attributes because the codesign step will strip them.
2024-02-16 05:16:21 +0000  Processing step: IDEDistributionCodesignStep
2024-02-16 05:16:21 +0000  Entitlements for <IDEDistributionItem: 0x60006d343840; bundleID='chillar.BookMeNow', path='<DVTFilePath:0x600049e50e70:'/Users/neshwa/Library/Developer/Xcode/Archives/2024-02-15/BookMeNow 15-02-24, 6.09 PM.xcarchive/Products/Applications/BookMeNow.app'>', codeSigningInfo='<_DVTCodeSigningInformation_Path: 0x600055723d40; isSigned='1', isAdHocSigned='0', signingCertificate='<DVTSigningCertificate: 0x6000302a5740; name='Apple Development: BFC Chillar (YW88JB52A7)', hash='57460C44D3AB6284570F4ECD40A197AAF3710CAC', serialNumber='3BAC5851080CDADB02059579BEA0582B', certificateKinds='(
    "1.2.840.113635.100.6.1.12",
    "1.2.840.113635.100.6.1.2"
), issueDate='2023-08-24 06:06:03 +0000''>', entitlements='{
    "application-identifier" = "PEPEHLK578.chillar.BookMeNow";
    "com.apple.developer.team-identifier" = PEPEHLK578;
    "get-task-allow" = 1;
}', teamID='PEPEHLK578', identifier='chillar.BookMeNow', executablePath='<DVTFilePath:0x600061cace00:'/Users/neshwa/Library/Developer/Xcode/Archives/2024-02-15/BookMeNow 15-02-24, 6.09 PM.xcarchive/Products/Applications/BookMeNow.app/BookMeNow'>', hardenedRuntime='0'>'>: {
    "application-identifier" = "PEPEHLK578.chillar.BookMeNow";
    "com.apple.developer.team-identifier" = PEPEHLK578;
    "get-task-allow" = 0;
}
2024-02-16 05:16:21 +0000  Associated App Clip Identifiers Filter: Skipping because "com.apple.developer.associated-appclip-app-identifiers" is not present
2024-02-16 05:16:21 +0000  Entitlements for <IDEDistributionItem: 0x60006d343840; bundleID='chillar.BookMeNow', path='<DVTFilePath:0x600049e50e70:'/Users/neshwa/Library/Developer/Xcode/Archives/2024-02-15/BookMeNow 15-02-24, 6.09 PM.xcarchive/Products/Applications/BookMeNow.app'>', codeSigningInfo='<_DVTCodeSigningInformation_Path: 0x600055723d40; isSigned='1', isAdHocSigned='0', signingCertificate='<DVTSigningCertificate: 0x600028d6e340; name='Apple Development: BFC Chillar (YW88JB52A7)', hash='57460C44D3AB6284570F4ECD40A197AAF3710CAC', serialNumber='3BAC5851080CDADB02059579BEA0582B', certificateKinds='(
    "1.2.840.113635.100.6.1.12",
    "1.2.840.113635.100.6.1.2"
), issueDate='2023-08-24 06:06:03 +0000''>', entitlements='{
    "application-identifier" = "PEPEHLK578.chillar.BookMeNow";
    "com.apple.developer.team-identifier" = PEPEHLK578;
    "get-task-allow" = 1;
}', teamID='PEPEHLK578', identifier='chillar.BookMeNow', executablePath='<DVTFilePath:0x600061cace00:'/Users/neshwa/Library/Developer/Xcode/Archives/2024-02-15/BookMeNow 15-02-24, 6.09 PM.xcarchive/Products/Applications/BookMeNow.app/BookMeNow'>', hardenedRuntime='0'>'> are: {
    "application-identifier" = "PEPEHLK578.chillar.BookMeNow";
    "com.apple.developer.team-identifier" = PEPEHLK578;
    "get-task-allow" = 0;
}
2024-02-16 05:16:21 +0000  Writing entitlements for <IDEDistributionItem: 0x60006d343840; bundleID='chillar.BookMeNow', path='<DVTFilePath:0x600049e50e70:'/Users/neshwa/Library/Developer/Xcode/Archives/2024-02-15/BookMeNow 15-02-24, 6.09 PM.xcarchive/Products/Applications/BookMeNow.app'>', codeSigningInfo='<_DVTCodeSigningInformation_Path: 0x600055723d40; isSigned='1', isAdHocSigned='0', signingCertificate='<DVTSigningCertificate: 0x60003422bcc0; name='Apple Development: BFC Chillar (YW88JB52A7)', hash='57460C44D3AB6284570F4ECD40A197AAF3710CAC', serialNumber='3BAC5851080CDADB02059579BEA0582B', certificateKinds='(
    "1.2.840.113635.100.6.1.12",
    "1.2.840.113635.100.6.1.2"
), issueDate='2023-08-24 06:06:03 +0000''>', entitlements='{
    "application-identifier" = "PEPEHLK578.chillar.BookMeNow";
    "com.apple.developer.team-identifier" = PEPEHLK578;
    "get-task-allow" = 1;
}', teamID='PEPEHLK578', identifier='chillar.BookMeNow', executablePath='<DVTFilePath:0x600061cace00:'/Users/neshwa/Library/Developer/Xcode/Archives/2024-02-15/BookMeNow 15-02-24, 6.09 PM.xcarchive/Products/Applications/BookMeNow.app/BookMeNow'>', hardenedRuntime='0'>'> to: /var/folders/sz/k9sxnlnn0hs48fgsch84l8c40000gp/T/XcodeDistPipeline.~~~2kbb7Z/entitlements~~~kj7gOW
2024-02-16 05:16:21 +0000  Running /usr/bin/codesign '-vvv' '--force' '--sign' '2F0AE5BB64F4D3386058F2C0279C28BD4FCB805F' '--entitlements' '/var/folders/sz/k9sxnlnn0hs48fgsch84l8c40000gp/T/XcodeDistPipeline.~~~2kbb7Z/entitlements~~~kj7gOW' '--generate-entitlement-der' '--strip-disallowed-xattrs' '--preserve-metadata=identifier,flags,runtime' '/var/folders/sz/k9sxnlnn0hs48fgsch84l8c40000gp/T/XcodeDistPipeline.~~~2kbb7Z/Root/Payload/BookMeNow.app'
2024-02-16 05:16:21 +0000  /var/folders/sz/k9sxnlnn0hs48fgsch84l8c40000gp/T/XcodeDistPipeline.~~~2kbb7Z/Root/Payload/BookMeNow.app: replacing existing signature
2024-02-16 05:16:21 +0000  /var/folders/sz/k9sxnlnn0hs48fgsch84l8c40000gp/T/XcodeDistPipeline.~~~2kbb7Z/Root/Payload/BookMeNow.app: signed app bundle with Mach-O thin (arm64) [chillar.BookMeNow]
2024-02-16 05:16:21 +0000  /usr/bin/codesign exited with 0
2024-02-16 05:16:21 +0000  Processing step: IDEDistributionZipODRItemStep
2024-02-16 05:16:21 +0000  Skipping step: IDEDistributionZipODRItemStep because it said so
2024-02-16 05:16:21 +0000  Processing step: IDEDistributionCreateIPAStep
2024-02-16 05:16:21 +0000  Running /usr/bin/ditto '-V' '-c' '-k' '--norsrc' '/var/folders/sz/k9sxnlnn0hs48fgsch84l8c40000gp/T/XcodeDistPipeline.~~~2kbb7Z/Root' '/var/folders/sz/k9sxnlnn0hs48fgsch84l8c40000gp/T/XcodeDistPipeline.~~~2kbb7Z/Packages/BookMeNow.ipa'
2024-02-16 05:16:21 +0000  >>> Copying /var/folders/sz/k9sxnlnn0hs48fgsch84l8c40000gp/T/XcodeDistPipeline.~~~2kbb7Z/Root 
2024-02-16 05:16:21 +0000  copying file ./Payload/BookMeNow.app/_CodeSignature/CodeResources ... 
2024-02-16 05:16:21 +0000  18635 bytes for ./Payload/BookMeNow.app/_CodeSignature/CodeResources
copying file ./Payload/BookMeNow.app/HeaderView.nib ... 
2024-02-16 05:16:21 +0000  3618 bytes for ./Payload/BookMeNow.app/HeaderView.nib
2024-02-16 05:16:21 +0000  copying file ./Payload/BookMeNow.app/GTMSessionFetcher_GTMSessionFetcherCore.bundle/PrivacyInfo.xcprivacy ... 
598 bytes for ./Payload/BookMeNow.app/GTMSessionFetcher_GTMSessionFetcherCore.bundle/PrivacyInfo.xcprivacy
copying file ./Payload/BookMeNow.app/GTMSessionFetcher_GTMSessionFetcherCore.bundle/Info.plist ... 
2024-02-16 05:16:21 +0000  723 bytes for ./Payload/BookMeNow.app/GTMSessionFetcher_GTMSessionFetcherCore.bundle/Info.plist
copying file ./Payload/BookMeNow.app/WorkingHoursTableViewCell.nib ... 
2024-02-16 05:16:21 +0000  5421 bytes for ./Payload/BookMeNow.app/WorkingHoursTableViewCell.nib
copying file ./Payload/BookMeNow.app/UpcomingBookingTableViewCell.nib ... 
2024-02-16 05:16:21 +0000  5366 bytes for ./Payload/BookMeNow.app/UpcomingBookingTableViewCell.nib
copying file ./Payload/BookMeNow.app/SettingsTableViewCell.nib ... 
2024-02-16 05:16:21 +0000  4824 bytes for ./Payload/BookMeNow.app/SettingsTableViewCell.nib
2024-02-16 05:16:21 +0000  copying file ./Payload/BookMeNow.app/SmartPopUp.nib ... 
2024-02-16 05:16:21 +0000  5677 bytes for ./Payload/BookMeNow.app/SmartPopUp.nib
copying file ./Payload/BookMeNow.app/BookMeNow.momd/VersionInfo.plist ... 
2024-02-16 05:16:21 +0000  261 bytes for ./Payload/BookMeNow.app/BookMeNow.momd/VersionInfo.plist
copying file ./Payload/BookMeNow.app/BookMeNow.momd/BookMeNow.omo ... 
2024-02-16 05:16:21 +0000  704 bytes for ./Payload/BookMeNow.app/BookMeNow.momd/BookMeNow.omo
copying file ./Payload/BookMeNow.app/BookMeNow.momd/BookMeNow.mom ... 
566 bytes for ./Payload/BookMeNow.app/BookMeNow.momd/BookMeNow.mom
2024-02-16 05:16:21 +0000  copying file ./Payload/BookMeNow.app/RegisterTableViewCell.nib ... 
2024-02-16 05:16:21 +0000  4561 bytes for ./Payload/BookMeNow.app/RegisterTableViewCell.nib
copying file ./Payload/BookMeNow.app/success.json ... 
2024-02-16 05:16:21 +0000  19040 bytes for ./Payload/BookMeNow.app/success.json
2024-02-16 05:16:21 +0000  copying file ./Payload/BookMeNow.app/ToggleSettingsTableViewCell.nib ... 
2024-02-16 05:16:21 +0000  5029 bytes for ./Payload/BookMeNow.app/ToggleSettingsTableViewCell.nib
2024-02-16 05:16:21 +0000  copying file ./Payload/BookMeNow.app/BookMeNow ... 
2024-02-16 05:16:22 +0000  5609824 bytes for ./Payload/BookMeNow.app/BookMeNow
copying file ./Payload/BookMeNow.app/ReportTableViewCell.nib ... 
2024-02-16 05:16:22 +0000  5557 bytes for ./Payload/BookMeNow.app/ReportTableViewCell.nib
copying file ./Payload/BookMeNow.app/ViewAllDoctorsCollectionViewCell.nib ... 
5066 bytes for ./Payload/BookMeNow.app/ViewAllDoctorsCollectionViewCell.nib
copying file ./Payload/BookMeNow.app/BookingsTableViewCell.nib ... 
2024-02-16 05:16:22 +0000  6051 bytes for ./Payload/BookMeNow.app/BookingsTableViewCell.nib
copying file ./Payload/BookMeNow.app/GoogleService-Info.plist ... 
2024-02-16 05:16:22 +0000  549 bytes for ./Payload/BookMeNow.app/GoogleService-Info.plist
copying file ./Payload/BookMeNow.app/Base.lproj/Main.storyboardc/hgo-IX-jl6-view-8ui-Ps-uRF.nib ... 
2024-02-16 05:16:22 +0000  13725 bytes for ./Payload/BookMeNow.app/Base.lproj/Main.storyboardc/hgo-IX-jl6-view-8ui-Ps-uRF.nib
copying file ./Payload/BookMeNow.app/Base.lproj/Main.storyboardc/Fzi-QT-bi4-view-Bpf-Xa-es9.nib ... 
2024-02-16 05:16:22 +0000  11956 bytes for ./Payload/BookMeNow.app/Base.lproj/Main.storyboardc/Fzi-QT-bi4-view-Bpf-Xa-es9.nib
copying file ./Payload/BookMeNow.app/Base.lproj/Main.storyboardc/UINavigationController-JpT-Uc-cJr.nib ... 
2024-02-16 05:16:22 +0000  1789 bytes for ./Payload/BookMeNow.app/Base.lproj/Main.storyboardc/UINavigationController-JpT-Uc-cJr.nib
copying file ./Payload/BookMeNow.app/Base.lproj/Main.storyboardc/nme-YK-zqY-view-3Ka-ky-0eo.nib ... 
2024-02-16 05:16:22 +0000  6800 bytes for ./Payload/BookMeNow.app/Base.lproj/Main.storyboardc/nme-YK-zqY-view-3Ka-ky-0eo.nib
copying file ./Payload/BookMeNow.app/Base.lproj/Main.storyboardc/OTPViewController.nib ... 
2024-02-16 05:16:22 +0000  1054 bytes for ./Payload/BookMeNow.app/Base.lproj/Main.storyboardc/OTPViewController.nib
copying file ./Payload/BookMeNow.app/Base.lproj/Main.storyboardc/a5d-k9-dZh-view-TXc-Dn-2jV.nib ... 
2024-02-16 05:16:22 +0000  12712 bytes for ./Payload/BookMeNow.app/Base.lproj/Main.storyboardc/a5d-k9-dZh-view-TXc-Dn-2jV.nib
copying file ./Payload/BookMeNow.app/Base.lproj/Main.storyboardc/Noq-r4-4Fa-view-6CI-X2-fJ5.nib ... 
2024-02-16 05:16:22 +0000  12233 bytes for ./Payload/BookMeNow.app/Base.lproj/Main.storyboardc/Noq-r4-4Fa-view-6CI-X2-fJ5.nib
2024-02-16 05:16:22 +0000  copying file ./Payload/BookMeNow.app/Base.lproj/Main.storyboardc/WorkingHoursViewController.nib ... 
1072 bytes for ./Payload/BookMeNow.app/Base.lproj/Main.storyboardc/WorkingHoursViewController.nib
copying file ./Payload/BookMeNow.app/Base.lproj/Main.storyboardc/X1g-ph-y04-view-whm-ch-Rqg.nib ... 
2024-02-16 05:16:22 +0000  7664 bytes for ./Payload/BookMeNow.app/Base.lproj/Main.storyboardc/X1g-ph-y04-view-whm-ch-Rqg.nib
2024-02-16 05:16:22 +0000  copying file ./Payload/BookMeNow.app/Base.lproj/Main.storyboardc/F5k-sw-1xe-view-dkA-38-FJi.nib ... 
2024-02-16 05:16:22 +0000  6916 bytes for ./Payload/BookMeNow.app/Base.lproj/Main.storyboardc/F5k-sw-1xe-view-dkA-38-FJi.nib
copying file ./Payload/BookMeNow.app/Base.lproj/Main.storyboardc/epX-yb-vvu-view-aBV-5d-tiK.nib ... 
2024-02-16 05:16:22 +0000  14642 bytes for ./Payload/BookMeNow.app/Base.lproj/Main.storyboardc/epX-yb-vvu-view-aBV-5d-tiK.nib
2024-02-16 05:16:22 +0000  copying file ./Payload/BookMeNow.app/Base.lproj/Main.storyboardc/ProfileViewController.nib ... 
1062 bytes for ./Payload/BookMeNow.app/Base.lproj/Main.storyboardc/ProfileViewController.nib
copying file ./Payload/BookMeNow.app/Base.lproj/Main.storyboardc/ScanAndPayViewController.nib ... 
2024-02-16 05:16:22 +0000  1070 bytes for ./Payload/BookMeNow.app/Base.lproj/Main.storyboardc/ScanAndPayViewController.nib
copying file ./Payload/BookMeNow.app/Base.lproj/Main.storyboardc/HomeViewController.nib ... 
2024-02-16 05:16:22 +0000  1161 bytes for ./Payload/BookMeNow.app/Base.lproj/Main.storyboardc/HomeViewController.nib
copying file ./Payload/BookMeNow.app/Base.lproj/Main.storyboardc/LogoutViewController.nib ... 
2024-02-16 05:16:22 +0000  1165 bytes for ./Payload/BookMeNow.app/Base.lproj/Main.storyboardc/LogoutViewController.nib
copying file ./Payload/BookMeNow.app/Base.lproj/Main.storyboardc/RegisterDetailsViewController.nib ... 
1078 bytes for ./Payload/BookMeNow.app/Base.lproj/Main.storyboardc/RegisterDetailsViewController.nib
2024-02-16 05:16:22 +0000  copying file ./Payload/BookMeNow.app/Base.lproj/Main.storyboardc/CalendarViewController.nib ... 
1064 bytes for ./Payload/BookMeNow.app/Base.lproj/Main.storyboardc/CalendarViewController.nib
copying file ./Payload/BookMeNow.app/Base.lproj/Main.storyboardc/Xy4-lE-BE8-view-tA3-fA-Jei.nib ... 
2024-02-16 05:16:22 +0000  8823 bytes for ./Payload/BookMeNow.app/Base.lproj/Main.storyboardc/Xy4-lE-BE8-view-tA3-fA-Jei.nib
2024-02-16 05:16:22 +0000  copying file ./Payload/BookMeNow.app/Base.lproj/Main.storyboardc/LoginViewController.nib ... 
1163 bytes for ./Payload/BookMeNow.app/Base.lproj/Main.storyboardc/LoginViewController.nib
copying file ./Payload/BookMeNow.app/Base.lproj/Main.storyboardc/ViewAppoinmentViewController.nib ... 
2024-02-16 05:16:22 +0000  1078 bytes for ./Payload/BookMeNow.app/Base.lproj/Main.storyboardc/ViewAppoinmentViewController.nib
copying file ./Payload/BookMeNow.app/Base.lproj/Main.storyboardc/ReportViewController.nib ... 
2024-02-16 05:16:22 +0000  1165 bytes for ./Payload/BookMeNow.app/Base.lproj/Main.storyboardc/ReportViewController.nib
copying file ./Payload/BookMeNow.app/Base.lproj/Main.storyboardc/Zj0-h7-pok-view-cq2-R8-fUp.nib ... 
2024-02-16 05:16:22 +0000  15640 bytes for ./Payload/BookMeNow.app/Base.lproj/Main.storyboardc/Zj0-h7-pok-view-cq2-R8-fUp.nib
2024-02-16 05:16:22 +0000  copying file ./Payload/BookMeNow.app/Base.lproj/Main.storyboardc/0ti-wx-vQd-view-6jc-bY-BZc.nib ... 
2024-02-16 05:16:22 +0000  9026 bytes for ./Payload/BookMeNow.app/Base.lproj/Main.storyboardc/0ti-wx-vQd-view-6jc-bY-BZc.nib
2024-02-16 05:16:22 +0000  copying file ./Payload/BookMeNow.app/Base.lproj/Main.storyboardc/SplashViewController.nib ... 
1096 bytes for ./Payload/BookMeNow.app/Base.lproj/Main.storyboardc/SplashViewController.nib
copying file ./Payload/BookMeNow.app/Base.lproj/Main.storyboardc/BankAccountViewController.nib ... 
2024-02-16 05:16:22 +0000  1070 bytes for ./Payload/BookMeNow.app/Base.lproj/Main.storyboardc/BankAccountViewController.nib
copying file ./Payload/BookMeNow.app/Base.lproj/Main.storyboardc/WelcomeViewController.nib ... 
2024-02-16 05:16:22 +0000  1062 bytes for ./Payload/BookMeNow.app/Base.lproj/Main.storyboardc/WelcomeViewController.nib
copying file ./Payload/BookMeNow.app/Base.lproj/Main.storyboardc/1Y7-Ax-vWR-view-Ezb-1v-aLA.nib ... 
2024-02-16 05:16:22 +0000  1283 bytes for ./Payload/BookMeNow.app/Base.lproj/Main.storyboardc/1Y7-Ax-vWR-view-Ezb-1v-aLA.nib
copying file ./Payload/BookMeNow.app/Base.lproj/Main.storyboardc/dV0-4h-tac-view-09R-Ut-K6h.nib ... 
2024-02-16 05:16:22 +0000  11908 bytes for ./Payload/BookMeNow.app/Base.lproj/Main.storyboardc/dV0-4h-tac-view-09R-Ut-K6h.nib
2024-02-16 05:16:22 +0000  copying file ./Payload/BookMeNow.app/Base.lproj/Main.storyboardc/SuccessPaymentViewController.nib ... 
1078 bytes for ./Payload/BookMeNow.app/Base.lproj/Main.storyboardc/SuccessPaymentViewController.nib
copying file ./Payload/BookMeNow.app/Base.lproj/Main.storyboardc/4Pj-Sh-AWT-view-vey-ao-id0.nib ... 
2024-02-16 05:16:22 +0000  12272 bytes for ./Payload/BookMeNow.app/Base.lproj/Main.storyboardc/4Pj-Sh-AWT-view-vey-ao-id0.nib
2024-02-16 05:16:22 +0000  copying file ./Payload/BookMeNow.app/Base.lproj/Main.storyboardc/SettingsViewController.nib ... 
1169 bytes for ./Payload/BookMeNow.app/Base.lproj/Main.storyboardc/SettingsViewController.nib
copying file ./Payload/BookMeNow.app/Base.lproj/Main.storyboardc/Info.plist ... 
2024-02-16 05:16:22 +0000  1245 bytes for ./Payload/BookMeNow.app/Base.lproj/Main.storyboardc/Info.plist
copying file ./Payload/BookMeNow.app/Base.lproj/Main.storyboardc/WxJ-ML-1QK-view-n7e-Q7-r9w.nib ... 
2024-02-16 05:16:22 +0000  17760 bytes for ./Payload/BookMeNow.app/Base.lproj/Main.storyboardc/WxJ-ML-1QK-view-n7e-Q7-r9w.nib
2024-02-16 05:16:22 +0000  copying file ./Payload/BookMeNow.app/Base.lproj/Main.storyboardc/WebViewController.nib ... 
1054 bytes for ./Payload/BookMeNow.app/Base.lproj/Main.storyboardc/WebViewController.nib
copying file ./Payload/BookMeNow.app/Base.lproj/Main.storyboardc/za3-UJ-9zR-view-5Ca-Um-A3R.nib ... 
2024-02-16 05:16:22 +0000  7411 bytes for ./Payload/BookMeNow.app/Base.lproj/Main.storyboardc/za3-UJ-9zR-view-5Ca-Um-A3R.nib
2024-02-16 05:16:22 +0000  copying file ./Payload/BookMeNow.app/Base.lproj/Main.storyboardc/AmC-lA-VcO-view-H4b-2K-vFi.nib ... 
2024-02-16 05:16:22 +0000  21103 bytes for ./Payload/BookMeNow.app/Base.lproj/Main.storyboardc/AmC-lA-VcO-view-H4b-2K-vFi.nib
2024-02-16 05:16:22 +0000  copying file ./Payload/BookMeNow.app/Base.lproj/LaunchScreen.storyboardc/01J-lp-oVM-view-Ze5-6b-2t3.nib ... 
2024-02-16 05:16:22 +0000  1225 bytes for ./Payload/BookMeNow.app/Base.lproj/LaunchScreen.storyboardc/01J-lp-oVM-view-Ze5-6b-2t3.nib
copying file ./Payload/BookMeNow.app/Base.lproj/LaunchScreen.storyboardc/UIViewController-01J-lp-oVM.nib ... 
2024-02-16 05:16:22 +0000  924 bytes for ./Payload/BookMeNow.app/Base.lproj/LaunchScreen.storyboardc/UIViewController-01J-lp-oVM.nib
copying file ./Payload/BookMeNow.app/Base.lproj/LaunchScreen.storyboardc/Info.plist ... 
258 bytes for ./Payload/BookMeNow.app/Base.lproj/LaunchScreen.storyboardc/Info.plist
2024-02-16 05:16:22 +0000  copying file ./Payload/BookMeNow.app/Lottie_Lottie.bundle/PrivacyInfo.xcprivacy ... 
599 bytes for ./Payload/BookMeNow.app/Lottie_Lottie.bundle/PrivacyInfo.xcprivacy
copying file ./Payload/BookMeNow.app/Lottie_Lottie.bundle/Info.plist ... 
2024-02-16 05:16:22 +0000  669 bytes for ./Payload/BookMeNow.app/Lottie_Lottie.bundle/Info.plist
copying file ./Payload/BookMeNow.app/Assets.car ... 
2024-02-16 05:16:22 +0000  78079 bytes for ./Payload/BookMeNow.app/Assets.car
2024-02-16 05:16:22 +0000  copying file ./Payload/BookMeNow.app/embedded.mobileprovision ... 
2024-02-16 05:16:22 +0000  14545 bytes for ./Payload/BookMeNow.app/embedded.mobileprovision
2024-02-16 05:16:22 +0000  copying file ./Payload/BookMeNow.app/Info.plist ... 
1582 bytes for ./Payload/BookMeNow.app/Info.plist
2024-02-16 05:16:22 +0000  copying file ./Payload/BookMeNow.app/PkgInfo ... 
8 bytes for ./Payload/BookMeNow.app/PkgInfo
2024-02-16 05:16:22 +0000  /usr/bin/ditto exited with 0
2024-02-16 05:16:22 +0000  Processing step: IDEDistributionAppStoreInformationStep
2024-02-16 05:16:22 +0000  Skipping step: IDEDistributionAppStoreInformationStep because it said so
2024-02-16 05:16:22 +0000  Processing step: IDEDistributionGenerateProcessedDistributionItems
2024-02-16 05:16:22 +0000  IDEDistributionItem init <DVTFilePath:0x600061c8ca10:'/var/folders/sz/k9sxnlnn0hs48fgsch84l8c40000gp/T/XcodeDistPipeline.~~~2kbb7Z/Root/Payload/BookMeNow.app'>
2024-02-16 05:16:22 +0000  Processing step: IDEDistributionCreateManifestStep
